<html>
<head>
<title>TestNG:  main-suite-test1</title>
<link href="../testng.css" rel="stylesheet" type="text/css" />
<link href="../my-testng.css" rel="stylesheet" type="text/css" />

<style type="text/css">
.log { display: none;} 
.stack-trace { display: none;} 
</style>
<script type="text/javascript">
<!--
function flip(e) {
  current = e.style.display;
  if (current == 'block') {
    e.style.display = 'none';
    return 0;
  }
  else {
    e.style.display = 'block';
    return 1;
  }
}

function toggleBox(szDivId, elem, msg1, msg2)
{
  var res = -1;  if (document.getElementById) {
    res = flip(document.getElementById(szDivId));
  }
  else if (document.all) {
    // this is the way old msie versions work
    res = flip(document.all[szDivId]);
  }
  if(elem) {
    if(res == 0) elem.innerHTML = msg1; else elem.innerHTML = msg2;
  }

}

function toggleAllBoxes() {
  if (document.getElementsByTagName) {
    d = document.getElementsByTagName('div');
    for (i = 0; i < d.length; i++) {
      if (d[i].className == 'log') {
        flip(d[i]);
      }
    }
  }
}

// -->
</script>

</head>
<body>
<h2 align='center'>main-suite-test1</h2><table border='1' align="center">
<tr>
<td>Tests passed/Failed/Skipped:</td><td>0/9/1</td>
</tr><tr>
<td>Started on:</td><td>Mon Feb 13 14:39:10 IST 2017</td>
</tr>
<tr><td>Total time:</td><td>517 seconds (517839 ms)</td>
</tr><tr>
<td>Included groups:</td><td></td>
</tr><tr>
<td>Excluded groups:</td><td></td>
</tr>
</table><p/>
<small><i>(Hover the method name to see the test class name)</i></small><p/>
<table width='100%' border='1' class='invocation-failed'>
<tr><td colspan='4' align='center'><b>FAILED TESTS</b></td></tr>
<tr><td><b>Test method</b></td>
<td width="30%"><b>Exception</b></td>
<td width="10%"><b>Time (seconds)</b></td>
<td><b>Instance</b></td>
</tr>
<tr>
<td title='com.abm.mainet.audit.AuditServices.adt_AssignHOD()'><b>adt_AssignHOD</b><br>Test class: com.abm.mainet.audit.AuditServices</td>
<td><div><pre>java.lang.IllegalStateException: No match found
	at java.util.regex.Matcher.group(Unknown Source)
	at errorhandling.MainetCustomExceptions.&lt;init&gt;(MainetCustomExceptions.java:61)
	at com.abm.mainet.audit.AuditServices.adt_AssignHOD(AuditServices.java:76)
... Removed 25 stack frames</pre></div><a href='#' onClick='toggleBox("stack-trace2501621", this, "Click to show all stack frames", "Click to hide stack frames")'>Click to show all stack frames</a>
<div class='stack-trace' id='stack-trace2501621'><pre>java.lang.IllegalStateException: No match found
	at java.util.regex.Matcher.group(Unknown Source)
	at errorhandling.MainetCustomExceptions.&lt;init&gt;(MainetCustomExceptions.java:61)
	at com.abm.mainet.audit.AuditServices.adt_AssignHOD(AuditServices.java:76)
	at sun.reflect.NativeMethodAccessorImpl.invoke0(Native Method)
	at sun.reflect.NativeMethodAccessorImpl.invoke(Unknown Source)
	at sun.reflect.DelegatingMethodAccessorImpl.invoke(Unknown Source)
	at java.lang.reflect.Method.invoke(Unknown Source)
	at org.testng.internal.MethodInvocationHelper.invokeMethod(MethodInvocationHelper.java:100)
	at org.testng.internal.Invoker.invokeMethod(Invoker.java:646)
	at org.testng.internal.Invoker.invokeTestMethod(Invoker.java:811)
	at org.testng.internal.Invoker.invokeTestMethods(Invoker.java:1129)
	at org.testng.internal.TestMethodWorker.invokeTestMethods(TestMethodWorker.java:129)
	at org.testng.internal.TestMethodWorker.run(TestMethodWorker.java:112)
	at org.testng.TestRunner.privateRun(TestRunner.java:746)
	at org.testng.TestRunner.run(TestRunner.java:600)
	at org.testng.SuiteRunner.runTest(SuiteRunner.java:366)
	at org.testng.SuiteRunner.runSequentially(SuiteRunner.java:361)
	at org.testng.SuiteRunner.privateRun(SuiteRunner.java:319)
	at org.testng.SuiteRunner.run(SuiteRunner.java:268)
	at org.testng.SuiteRunnerWorker.runSuite(SuiteRunnerWorker.java:52)
	at org.testng.SuiteRunnerWorker.run(SuiteRunnerWorker.java:86)
	at org.testng.TestNG.runSuitesSequentially(TestNG.java:1264)
	at org.testng.TestNG.runSuitesLocally(TestNG.java:1189)
	at org.testng.TestNG.runSuites(TestNG.java:1104)
	at org.testng.TestNG.run(TestNG.java:1076)
	at org.testng.remote.AbstractRemoteTestNG.run(AbstractRemoteTestNG.java:126)
	at org.testng.remote.RemoteTestNG.initAndRun(RemoteTestNG.java:152)
	at org.testng.remote.RemoteTestNG.main(RemoteTestNG.java:57)
</pre></div></td>
<td>73</td>
<td>com.abm.mainet.audit.AuditServices@9c30e6</td></tr>
<tr>
<td title='com.abm.mainet.audit.AuditServices.adt_HodResp_AuditMemoCombn_loop()'><b>adt_HodResp_AuditMemoCombn_loop</b><br>Test class: com.abm.mainet.audit.AuditServices</td>
<td><div><pre>java.lang.IllegalStateException: No match found
	at java.util.regex.Matcher.group(Unknown Source)
	at errorhandling.MainetCustomExceptions.&lt;init&gt;(MainetCustomExceptions.java:61)
	at com.abm.mainet.audit.AuditServices.adt_HodResp_AuditMemoCombn_loop(AuditServices.java:313)
... Removed 25 stack frames</pre></div><a href='#' onClick='toggleBox("stack-trace28191171", this, "Click to show all stack frames", "Click to hide stack frames")'>Click to show all stack frames</a>
<div class='stack-trace' id='stack-trace28191171'><pre>java.lang.IllegalStateException: No match found
	at java.util.regex.Matcher.group(Unknown Source)
	at errorhandling.MainetCustomExceptions.&lt;init&gt;(MainetCustomExceptions.java:61)
	at com.abm.mainet.audit.AuditServices.adt_HodResp_AuditMemoCombn_loop(AuditServices.java:313)
	at sun.reflect.NativeMethodAccessorImpl.invoke0(Native Method)
	at sun.reflect.NativeMethodAccessorImpl.invoke(Unknown Source)
	at sun.reflect.DelegatingMethodAccessorImpl.invoke(Unknown Source)
	at java.lang.reflect.Method.invoke(Unknown Source)
	at org.testng.internal.MethodInvocationHelper.invokeMethod(MethodInvocationHelper.java:100)
	at org.testng.internal.Invoker.invokeMethod(Invoker.java:646)
	at org.testng.internal.Invoker.invokeTestMethod(Invoker.java:811)
	at org.testng.internal.Invoker.invokeTestMethods(Invoker.java:1129)
	at org.testng.internal.TestMethodWorker.invokeTestMethods(TestMethodWorker.java:129)
	at org.testng.internal.TestMethodWorker.run(TestMethodWorker.java:112)
	at org.testng.TestRunner.privateRun(TestRunner.java:746)
	at org.testng.TestRunner.run(TestRunner.java:600)
	at org.testng.SuiteRunner.runTest(SuiteRunner.java:366)
	at org.testng.SuiteRunner.runSequentially(SuiteRunner.java:361)
	at org.testng.SuiteRunner.privateRun(SuiteRunner.java:319)
	at org.testng.SuiteRunner.run(SuiteRunner.java:268)
	at org.testng.SuiteRunnerWorker.runSuite(SuiteRunnerWorker.java:52)
	at org.testng.SuiteRunnerWorker.run(SuiteRunnerWorker.java:86)
	at org.testng.TestNG.runSuitesSequentially(TestNG.java:1264)
	at org.testng.TestNG.runSuitesLocally(TestNG.java:1189)
	at org.testng.TestNG.runSuites(TestNG.java:1104)
	at org.testng.TestNG.run(TestNG.java:1076)
	at org.testng.remote.AbstractRemoteTestNG.run(AbstractRemoteTestNG.java:126)
	at org.testng.remote.RemoteTestNG.initAndRun(RemoteTestNG.java:152)
	at org.testng.remote.RemoteTestNG.main(RemoteTestNG.java:57)
</pre></div></td>
<td>49</td>
<td>com.abm.mainet.audit.AuditServices@9c30e6</td></tr>
<tr>
<td title='com.abm.mainet.audit.AuditServices.adt_HodResp_AuditMemoCombn_loop()'><b>adt_HodResp_AuditMemoCombn_loop</b><br>Test class: com.abm.mainet.audit.AuditServices</td>
<td><div><pre>java.lang.IllegalStateException: No match found
	at java.util.regex.Matcher.group(Unknown Source)
	at errorhandling.MainetCustomExceptions.&lt;init&gt;(MainetCustomExceptions.java:61)
	at com.abm.mainet.audit.AuditServices.adt_HodResp_AuditMemoCombn_loop(AuditServices.java:313)
... Removed 25 stack frames</pre></div><a href='#' onClick='toggleBox("stack-trace19647661", this, "Click to show all stack frames", "Click to hide stack frames")'>Click to show all stack frames</a>
<div class='stack-trace' id='stack-trace19647661'><pre>java.lang.IllegalStateException: No match found
	at java.util.regex.Matcher.group(Unknown Source)
	at errorhandling.MainetCustomExceptions.&lt;init&gt;(MainetCustomExceptions.java:61)
	at com.abm.mainet.audit.AuditServices.adt_HodResp_AuditMemoCombn_loop(AuditServices.java:313)
	at sun.reflect.NativeMethodAccessorImpl.invoke0(Native Method)
	at sun.reflect.NativeMethodAccessorImpl.invoke(Unknown Source)
	at sun.reflect.DelegatingMethodAccessorImpl.invoke(Unknown Source)
	at java.lang.reflect.Method.invoke(Unknown Source)
	at org.testng.internal.MethodInvocationHelper.invokeMethod(MethodInvocationHelper.java:100)
	at org.testng.internal.Invoker.invokeMethod(Invoker.java:646)
	at org.testng.internal.Invoker.invokeTestMethod(Invoker.java:811)
	at org.testng.internal.Invoker.invokeTestMethods(Invoker.java:1129)
	at org.testng.internal.TestMethodWorker.invokeTestMethods(TestMethodWorker.java:129)
	at org.testng.internal.TestMethodWorker.run(TestMethodWorker.java:112)
	at org.testng.TestRunner.privateRun(TestRunner.java:746)
	at org.testng.TestRunner.run(TestRunner.java:600)
	at org.testng.SuiteRunner.runTest(SuiteRunner.java:366)
	at org.testng.SuiteRunner.runSequentially(SuiteRunner.java:361)
	at org.testng.SuiteRunner.privateRun(SuiteRunner.java:319)
	at org.testng.SuiteRunner.run(SuiteRunner.java:268)
	at org.testng.SuiteRunnerWorker.runSuite(SuiteRunnerWorker.java:52)
	at org.testng.SuiteRunnerWorker.run(SuiteRunnerWorker.java:86)
	at org.testng.TestNG.runSuitesSequentially(TestNG.java:1264)
	at org.testng.TestNG.runSuitesLocally(TestNG.java:1189)
	at org.testng.TestNG.runSuites(TestNG.java:1104)
	at org.testng.TestNG.run(TestNG.java:1076)
	at org.testng.remote.AbstractRemoteTestNG.run(AbstractRemoteTestNG.java:126)
	at org.testng.remote.RemoteTestNG.initAndRun(RemoteTestNG.java:152)
	at org.testng.remote.RemoteTestNG.main(RemoteTestNG.java:57)
</pre></div></td>
<td>47</td>
<td>com.abm.mainet.audit.AuditServices@9c30e6</td></tr>
<tr>
<td title='com.abm.mainet.audit.AuditServices.adt_HodResp_AuditMemoCombn_loop()'><b>adt_HodResp_AuditMemoCombn_loop</b><br>Test class: com.abm.mainet.audit.AuditServices</td>
<td><div><pre>java.lang.IllegalStateException: No match found
	at java.util.regex.Matcher.group(Unknown Source)
	at errorhandling.MainetCustomExceptions.&lt;init&gt;(MainetCustomExceptions.java:61)
	at com.abm.mainet.audit.AuditServices.adt_HodResp_AuditMemoCombn_loop(AuditServices.java:313)
... Removed 25 stack frames</pre></div><a href='#' onClick='toggleBox("stack-trace19676610", this, "Click to show all stack frames", "Click to hide stack frames")'>Click to show all stack frames</a>
<div class='stack-trace' id='stack-trace19676610'><pre>java.lang.IllegalStateException: No match found
	at java.util.regex.Matcher.group(Unknown Source)
	at errorhandling.MainetCustomExceptions.&lt;init&gt;(MainetCustomExceptions.java:61)
	at com.abm.mainet.audit.AuditServices.adt_HodResp_AuditMemoCombn_loop(AuditServices.java:313)
	at sun.reflect.NativeMethodAccessorImpl.invoke0(Native Method)
	at sun.reflect.NativeMethodAccessorImpl.invoke(Unknown Source)
	at sun.reflect.DelegatingMethodAccessorImpl.invoke(Unknown Source)
	at java.lang.reflect.Method.invoke(Unknown Source)
	at org.testng.internal.MethodInvocationHelper.invokeMethod(MethodInvocationHelper.java:100)
	at org.testng.internal.Invoker.invokeMethod(Invoker.java:646)
	at org.testng.internal.Invoker.invokeTestMethod(Invoker.java:811)
	at org.testng.internal.Invoker.invokeTestMethods(Invoker.java:1129)
	at org.testng.internal.TestMethodWorker.invokeTestMethods(TestMethodWorker.java:129)
	at org.testng.internal.TestMethodWorker.run(TestMethodWorker.java:112)
	at org.testng.TestRunner.privateRun(TestRunner.java:746)
	at org.testng.TestRunner.run(TestRunner.java:600)
	at org.testng.SuiteRunner.runTest(SuiteRunner.java:366)
	at org.testng.SuiteRunner.runSequentially(SuiteRunner.java:361)
	at org.testng.SuiteRunner.privateRun(SuiteRunner.java:319)
	at org.testng.SuiteRunner.run(SuiteRunner.java:268)
	at org.testng.SuiteRunnerWorker.runSuite(SuiteRunnerWorker.java:52)
	at org.testng.SuiteRunnerWorker.run(SuiteRunnerWorker.java:86)
	at org.testng.TestNG.runSuitesSequentially(TestNG.java:1264)
	at org.testng.TestNG.runSuitesLocally(TestNG.java:1189)
	at org.testng.TestNG.runSuites(TestNG.java:1104)
	at org.testng.TestNG.run(TestNG.java:1076)
	at org.testng.remote.AbstractRemoteTestNG.run(AbstractRemoteTestNG.java:126)
	at org.testng.remote.RemoteTestNG.initAndRun(RemoteTestNG.java:152)
	at org.testng.remote.RemoteTestNG.main(RemoteTestNG.java:57)
</pre></div></td>
<td>46</td>
<td>com.abm.mainet.audit.AuditServices@9c30e6</td></tr>
<tr>
<td title='com.abm.mainet.audit.AuditServices.adt_HodResp_AuditMemoCombn_loop()'><b>adt_HodResp_AuditMemoCombn_loop</b><br>Test class: com.abm.mainet.audit.AuditServices</td>
<td><div><pre>java.lang.IllegalStateException: No match found
	at java.util.regex.Matcher.group(Unknown Source)
	at errorhandling.MainetCustomExceptions.&lt;init&gt;(MainetCustomExceptions.java:61)
	at com.abm.mainet.audit.AuditServices.adt_HodResp_AuditMemoCombn_loop(AuditServices.java:313)
... Removed 25 stack frames</pre></div><a href='#' onClick='toggleBox("stack-trace16825106", this, "Click to show all stack frames", "Click to hide stack frames")'>Click to show all stack frames</a>
<div class='stack-trace' id='stack-trace16825106'><pre>java.lang.IllegalStateException: No match found
	at java.util.regex.Matcher.group(Unknown Source)
	at errorhandling.MainetCustomExceptions.&lt;init&gt;(MainetCustomExceptions.java:61)
	at com.abm.mainet.audit.AuditServices.adt_HodResp_AuditMemoCombn_loop(AuditServices.java:313)
	at sun.reflect.NativeMethodAccessorImpl.invoke0(Native Method)
	at sun.reflect.NativeMethodAccessorImpl.invoke(Unknown Source)
	at sun.reflect.DelegatingMethodAccessorImpl.invoke(Unknown Source)
	at java.lang.reflect.Method.invoke(Unknown Source)
	at org.testng.internal.MethodInvocationHelper.invokeMethod(MethodInvocationHelper.java:100)
	at org.testng.internal.Invoker.invokeMethod(Invoker.java:646)
	at org.testng.internal.Invoker.invokeTestMethod(Invoker.java:811)
	at org.testng.internal.Invoker.invokeTestMethods(Invoker.java:1129)
	at org.testng.internal.TestMethodWorker.invokeTestMethods(TestMethodWorker.java:129)
	at org.testng.internal.TestMethodWorker.run(TestMethodWorker.java:112)
	at org.testng.TestRunner.privateRun(TestRunner.java:746)
	at org.testng.TestRunner.run(TestRunner.java:600)
	at org.testng.SuiteRunner.runTest(SuiteRunner.java:366)
	at org.testng.SuiteRunner.runSequentially(SuiteRunner.java:361)
	at org.testng.SuiteRunner.privateRun(SuiteRunner.java:319)
	at org.testng.SuiteRunner.run(SuiteRunner.java:268)
	at org.testng.SuiteRunnerWorker.runSuite(SuiteRunnerWorker.java:52)
	at org.testng.SuiteRunnerWorker.run(SuiteRunnerWorker.java:86)
	at org.testng.TestNG.runSuitesSequentially(TestNG.java:1264)
	at org.testng.TestNG.runSuitesLocally(TestNG.java:1189)
	at org.testng.TestNG.runSuites(TestNG.java:1104)
	at org.testng.TestNG.run(TestNG.java:1076)
	at org.testng.remote.AbstractRemoteTestNG.run(AbstractRemoteTestNG.java:126)
	at org.testng.remote.RemoteTestNG.initAndRun(RemoteTestNG.java:152)
	at org.testng.remote.RemoteTestNG.main(RemoteTestNG.java:57)
</pre></div></td>
<td>48</td>
<td>com.abm.mainet.audit.AuditServices@9c30e6</td></tr>
<tr>
<td title='com.abm.mainet.audit.AuditServices.adt_HodResp_AuditMemoCombn_loop()'><b>adt_HodResp_AuditMemoCombn_loop</b><br>Test class: com.abm.mainet.audit.AuditServices</td>
<td><div><pre>java.lang.IllegalStateException: No match found
	at java.util.regex.Matcher.group(Unknown Source)
	at errorhandling.MainetCustomExceptions.&lt;init&gt;(MainetCustomExceptions.java:61)
	at com.abm.mainet.audit.AuditServices.adt_HodResp_AuditMemoCombn_loop(AuditServices.java:313)
... Removed 25 stack frames</pre></div><a href='#' onClick='toggleBox("stack-trace22444533", this, "Click to show all stack frames", "Click to hide stack frames")'>Click to show all stack frames</a>
<div class='stack-trace' id='stack-trace22444533'><pre>java.lang.IllegalStateException: No match found
	at java.util.regex.Matcher.group(Unknown Source)
	at errorhandling.MainetCustomExceptions.&lt;init&gt;(MainetCustomExceptions.java:61)
	at com.abm.mainet.audit.AuditServices.adt_HodResp_AuditMemoCombn_loop(AuditServices.java:313)
	at sun.reflect.NativeMethodAccessorImpl.invoke0(Native Method)
	at sun.reflect.NativeMethodAccessorImpl.invoke(Unknown Source)
	at sun.reflect.DelegatingMethodAccessorImpl.invoke(Unknown Source)
	at java.lang.reflect.Method.invoke(Unknown Source)
	at org.testng.internal.MethodInvocationHelper.invokeMethod(MethodInvocationHelper.java:100)
	at org.testng.internal.Invoker.invokeMethod(Invoker.java:646)
	at org.testng.internal.Invoker.invokeTestMethod(Invoker.java:811)
	at org.testng.internal.Invoker.invokeTestMethods(Invoker.java:1129)
	at org.testng.internal.TestMethodWorker.invokeTestMethods(TestMethodWorker.java:129)
	at org.testng.internal.TestMethodWorker.run(TestMethodWorker.java:112)
	at org.testng.TestRunner.privateRun(TestRunner.java:746)
	at org.testng.TestRunner.run(TestRunner.java:600)
	at org.testng.SuiteRunner.runTest(SuiteRunner.java:366)
	at org.testng.SuiteRunner.runSequentially(SuiteRunner.java:361)
	at org.testng.SuiteRunner.privateRun(SuiteRunner.java:319)
	at org.testng.SuiteRunner.run(SuiteRunner.java:268)
	at org.testng.SuiteRunnerWorker.runSuite(SuiteRunnerWorker.java:52)
	at org.testng.SuiteRunnerWorker.run(SuiteRunnerWorker.java:86)
	at org.testng.TestNG.runSuitesSequentially(TestNG.java:1264)
	at org.testng.TestNG.runSuitesLocally(TestNG.java:1189)
	at org.testng.TestNG.runSuites(TestNG.java:1104)
	at org.testng.TestNG.run(TestNG.java:1076)
	at org.testng.remote.AbstractRemoteTestNG.run(AbstractRemoteTestNG.java:126)
	at org.testng.remote.RemoteTestNG.initAndRun(RemoteTestNG.java:152)
	at org.testng.remote.RemoteTestNG.main(RemoteTestNG.java:57)
</pre></div></td>
<td>48</td>
<td>com.abm.mainet.audit.AuditServices@9c30e6</td></tr>
<tr>
<td title='com.abm.mainet.audit.AuditServices.adt_HodResp_AuditMemoCombn_loop()'><b>adt_HodResp_AuditMemoCombn_loop</b><br>Test class: com.abm.mainet.audit.AuditServices</td>
<td><div><pre>java.lang.IllegalStateException: No match found
	at java.util.regex.Matcher.group(Unknown Source)
	at errorhandling.MainetCustomExceptions.&lt;init&gt;(MainetCustomExceptions.java:61)
	at com.abm.mainet.audit.AuditServices.adt_HodResp_AuditMemoCombn_loop(AuditServices.java:313)
... Removed 25 stack frames</pre></div><a href='#' onClick='toggleBox("stack-trace23668704", this, "Click to show all stack frames", "Click to hide stack frames")'>Click to show all stack frames</a>
<div class='stack-trace' id='stack-trace23668704'><pre>java.lang.IllegalStateException: No match found
	at java.util.regex.Matcher.group(Unknown Source)
	at errorhandling.MainetCustomExceptions.&lt;init&gt;(MainetCustomExceptions.java:61)
	at com.abm.mainet.audit.AuditServices.adt_HodResp_AuditMemoCombn_loop(AuditServices.java:313)
	at sun.reflect.NativeMethodAccessorImpl.invoke0(Native Method)
	at sun.reflect.NativeMethodAccessorImpl.invoke(Unknown Source)
	at sun.reflect.DelegatingMethodAccessorImpl.invoke(Unknown Source)
	at java.lang.reflect.Method.invoke(Unknown Source)
	at org.testng.internal.MethodInvocationHelper.invokeMethod(MethodInvocationHelper.java:100)
	at org.testng.internal.Invoker.invokeMethod(Invoker.java:646)
	at org.testng.internal.Invoker.invokeTestMethod(Invoker.java:811)
	at org.testng.internal.Invoker.invokeTestMethods(Invoker.java:1129)
	at org.testng.internal.TestMethodWorker.invokeTestMethods(TestMethodWorker.java:129)
	at org.testng.internal.TestMethodWorker.run(TestMethodWorker.java:112)
	at org.testng.TestRunner.privateRun(TestRunner.java:746)
	at org.testng.TestRunner.run(TestRunner.java:600)
	at org.testng.SuiteRunner.runTest(SuiteRunner.java:366)
	at org.testng.SuiteRunner.runSequentially(SuiteRunner.java:361)
	at org.testng.SuiteRunner.privateRun(SuiteRunner.java:319)
	at org.testng.SuiteRunner.run(SuiteRunner.java:268)
	at org.testng.SuiteRunnerWorker.runSuite(SuiteRunnerWorker.java:52)
	at org.testng.SuiteRunnerWorker.run(SuiteRunnerWorker.java:86)
	at org.testng.TestNG.runSuitesSequentially(TestNG.java:1264)
	at org.testng.TestNG.runSuitesLocally(TestNG.java:1189)
	at org.testng.TestNG.runSuites(TestNG.java:1104)
	at org.testng.TestNG.run(TestNG.java:1076)
	at org.testng.remote.AbstractRemoteTestNG.run(AbstractRemoteTestNG.java:126)
	at org.testng.remote.RemoteTestNG.initAndRun(RemoteTestNG.java:152)
	at org.testng.remote.RemoteTestNG.main(RemoteTestNG.java:57)
</pre></div></td>
<td>47</td>
<td>com.abm.mainet.audit.AuditServices@9c30e6</td></tr>
<tr>
<td title='com.abm.mainet.audit.AuditServices.adt_HodResp_AuditMemoCombn_loop()'><b>adt_HodResp_AuditMemoCombn_loop</b><br>Test class: com.abm.mainet.audit.AuditServices</td>
<td><div><pre>java.lang.IllegalStateException: No match found
	at java.util.regex.Matcher.group(Unknown Source)
	at errorhandling.MainetCustomExceptions.&lt;init&gt;(MainetCustomExceptions.java:61)
	at com.abm.mainet.audit.AuditServices.adt_HodResp_AuditMemoCombn_loop(AuditServices.java:313)
... Removed 25 stack frames</pre></div><a href='#' onClick='toggleBox("stack-trace26122915", this, "Click to show all stack frames", "Click to hide stack frames")'>Click to show all stack frames</a>
<div class='stack-trace' id='stack-trace26122915'><pre>java.lang.IllegalStateException: No match found
	at java.util.regex.Matcher.group(Unknown Source)
	at errorhandling.MainetCustomExceptions.&lt;init&gt;(MainetCustomExceptions.java:61)
	at com.abm.mainet.audit.AuditServices.adt_HodResp_AuditMemoCombn_loop(AuditServices.java:313)
	at sun.reflect.NativeMethodAccessorImpl.invoke0(Native Method)
	at sun.reflect.NativeMethodAccessorImpl.invoke(Unknown Source)
	at sun.reflect.DelegatingMethodAccessorImpl.invoke(Unknown Source)
	at java.lang.reflect.Method.invoke(Unknown Source)
	at org.testng.internal.MethodInvocationHelper.invokeMethod(MethodInvocationHelper.java:100)
	at org.testng.internal.Invoker.invokeMethod(Invoker.java:646)
	at org.testng.internal.Invoker.invokeTestMethod(Invoker.java:811)
	at org.testng.internal.Invoker.invokeTestMethods(Invoker.java:1129)
	at org.testng.internal.TestMethodWorker.invokeTestMethods(TestMethodWorker.java:129)
	at org.testng.internal.TestMethodWorker.run(TestMethodWorker.java:112)
	at org.testng.TestRunner.privateRun(TestRunner.java:746)
	at org.testng.TestRunner.run(TestRunner.java:600)
	at org.testng.SuiteRunner.runTest(SuiteRunner.java:366)
	at org.testng.SuiteRunner.runSequentially(SuiteRunner.java:361)
	at org.testng.SuiteRunner.privateRun(SuiteRunner.java:319)
	at org.testng.SuiteRunner.run(SuiteRunner.java:268)
	at org.testng.SuiteRunnerWorker.runSuite(SuiteRunnerWorker.java:52)
	at org.testng.SuiteRunnerWorker.run(SuiteRunnerWorker.java:86)
	at org.testng.TestNG.runSuitesSequentially(TestNG.java:1264)
	at org.testng.TestNG.runSuitesLocally(TestNG.java:1189)
	at org.testng.TestNG.runSuites(TestNG.java:1104)
	at org.testng.TestNG.run(TestNG.java:1076)
	at org.testng.remote.AbstractRemoteTestNG.run(AbstractRemoteTestNG.java:126)
	at org.testng.remote.RemoteTestNG.initAndRun(RemoteTestNG.java:152)
	at org.testng.remote.RemoteTestNG.main(RemoteTestNG.java:57)
</pre></div></td>
<td>47</td>
<td>com.abm.mainet.audit.AuditServices@9c30e6</td></tr>
<tr>
<td title='com.abm.mainet.audit.AuditServices.adt_ScheduleAudit()'><b>adt_ScheduleAudit</b><br>Test class: com.abm.mainet.audit.AuditServices</td>
<td><div><pre>java.lang.IllegalStateException: No match found
	at java.util.regex.Matcher.group(Unknown Source)
	at errorhandling.MainetCustomExceptions.&lt;init&gt;(MainetCustomExceptions.java:61)
	at com.abm.mainet.audit.AuditServices.adt_ScheduleAudit(AuditServices.java:118)
... Removed 25 stack frames</pre></div><a href='#' onClick='toggleBox("stack-trace6719370", this, "Click to show all stack frames", "Click to hide stack frames")'>Click to show all stack frames</a>
<div class='stack-trace' id='stack-trace6719370'><pre>java.lang.IllegalStateException: No match found
	at java.util.regex.Matcher.group(Unknown Source)
	at errorhandling.MainetCustomExceptions.&lt;init&gt;(MainetCustomExceptions.java:61)
	at com.abm.mainet.audit.AuditServices.adt_ScheduleAudit(AuditServices.java:118)
	at sun.reflect.NativeMethodAccessorImpl.invoke0(Native Method)
	at sun.reflect.NativeMethodAccessorImpl.invoke(Unknown Source)
	at sun.reflect.DelegatingMethodAccessorImpl.invoke(Unknown Source)
	at java.lang.reflect.Method.invoke(Unknown Source)
	at org.testng.internal.MethodInvocationHelper.invokeMethod(MethodInvocationHelper.java:100)
	at org.testng.internal.Invoker.invokeMethod(Invoker.java:646)
	at org.testng.internal.Invoker.invokeTestMethod(Invoker.java:811)
	at org.testng.internal.Invoker.invokeTestMethods(Invoker.java:1129)
	at org.testng.internal.TestMethodWorker.invokeTestMethods(TestMethodWorker.java:129)
	at org.testng.internal.TestMethodWorker.run(TestMethodWorker.java:112)
	at org.testng.TestRunner.privateRun(TestRunner.java:746)
	at org.testng.TestRunner.run(TestRunner.java:600)
	at org.testng.SuiteRunner.runTest(SuiteRunner.java:366)
	at org.testng.SuiteRunner.runSequentially(SuiteRunner.java:361)
	at org.testng.SuiteRunner.privateRun(SuiteRunner.java:319)
	at org.testng.SuiteRunner.run(SuiteRunner.java:268)
	at org.testng.SuiteRunnerWorker.runSuite(SuiteRunnerWorker.java:52)
	at org.testng.SuiteRunnerWorker.run(SuiteRunnerWorker.java:86)
	at org.testng.TestNG.runSuitesSequentially(TestNG.java:1264)
	at org.testng.TestNG.runSuitesLocally(TestNG.java:1189)
	at org.testng.TestNG.runSuites(TestNG.java:1104)
	at org.testng.TestNG.run(TestNG.java:1076)
	at org.testng.remote.AbstractRemoteTestNG.run(AbstractRemoteTestNG.java:126)
	at org.testng.remote.RemoteTestNG.initAndRun(RemoteTestNG.java:152)
	at org.testng.remote.RemoteTestNG.main(RemoteTestNG.java:57)
</pre></div></td>
<td>41</td>
<td>com.abm.mainet.audit.AuditServices@9c30e6</td></tr>
</table><p>
<table width='100%' border='1' class='invocation-skipped'>
<tr><td colspan='4' align='center'><b>SKIPPED TESTS</b></td></tr>
<tr><td><b>Test method</b></td>
<td width="30%"><b>Exception</b></td>
<td width="10%"><b>Time (seconds)</b></td>
<td><b>Instance</b></td>
</tr>
<tr>
<td title='com.abm.mainet.audit.AuditServices.adt_PlanAudit()'><b>adt_PlanAudit</b><br>Test class: com.abm.mainet.audit.AuditServices</td>
<td><div><pre>org.testng.SkipException: Error in adt_PlanAudit method
	at errorhandling.MainetCustomExceptions.&lt;init&gt;(MainetCustomExceptions.java:78)
	at com.abm.mainet.audit.AuditServices.adt_PlanAudit(AuditServices.java:97)
... Removed 25 stack frames</pre></div><a href='#' onClick='toggleBox("stack-trace32616562", this, "Click to show all stack frames", "Click to hide stack frames")'>Click to show all stack frames</a>
<div class='stack-trace' id='stack-trace32616562'><pre>org.testng.SkipException: Error in adt_PlanAudit method
	at errorhandling.MainetCustomExceptions.&lt;init&gt;(MainetCustomExceptions.java:78)
	at com.abm.mainet.audit.AuditServices.adt_PlanAudit(AuditServices.java:97)
	at sun.reflect.NativeMethodAccessorImpl.invoke0(Native Method)
	at sun.reflect.NativeMethodAccessorImpl.invoke(Unknown Source)
	at sun.reflect.DelegatingMethodAccessorImpl.invoke(Unknown Source)
	at java.lang.reflect.Method.invoke(Unknown Source)
	at org.testng.internal.MethodInvocationHelper.invokeMethod(MethodInvocationHelper.java:100)
	at org.testng.internal.Invoker.invokeMethod(Invoker.java:646)
	at org.testng.internal.Invoker.invokeTestMethod(Invoker.java:811)
	at org.testng.internal.Invoker.invokeTestMethods(Invoker.java:1129)
	at org.testng.internal.TestMethodWorker.invokeTestMethods(TestMethodWorker.java:129)
	at org.testng.internal.TestMethodWorker.run(TestMethodWorker.java:112)
	at org.testng.TestRunner.privateRun(TestRunner.java:746)
	at org.testng.TestRunner.run(TestRunner.java:600)
	at org.testng.SuiteRunner.runTest(SuiteRunner.java:366)
	at org.testng.SuiteRunner.runSequentially(SuiteRunner.java:361)
	at org.testng.SuiteRunner.privateRun(SuiteRunner.java:319)
	at org.testng.SuiteRunner.run(SuiteRunner.java:268)
	at org.testng.SuiteRunnerWorker.runSuite(SuiteRunnerWorker.java:52)
	at org.testng.SuiteRunnerWorker.run(SuiteRunnerWorker.java:86)
	at org.testng.TestNG.runSuitesSequentially(TestNG.java:1264)
	at org.testng.TestNG.runSuitesLocally(TestNG.java:1189)
	at org.testng.TestNG.runSuites(TestNG.java:1104)
	at org.testng.TestNG.run(TestNG.java:1076)
	at org.testng.remote.AbstractRemoteTestNG.run(AbstractRemoteTestNG.java:126)
	at org.testng.remote.RemoteTestNG.initAndRun(RemoteTestNG.java:152)
	at org.testng.remote.RemoteTestNG.main(RemoteTestNG.java:57)
</pre></div></td>
<td>67</td>
<td>com.abm.mainet.audit.AuditServices@9c30e6</td></tr>
</table><p>
</body>
</html>