<?xml version="1.0" encoding="UTF-8"?>
<!-- Generated by org.testng.reporters.JUnitXMLReporter -->
<testsuite hostname="MH052" name="main-suite-test1" tests="1" failures="1" timestamp="4 Sep 2015 09:40:47 GMT" time="83.458" errors="0">
  <testcase name="challanVerificationTest" time="83.435" classname="com.abm.mainet.bnd.BirthAndDeathServices">
    <failure type="java.lang.AssertionError" message="The following asserts failed:
	expected [57015090200004] but found [null]">
      <![CDATA[java.lang.AssertionError: The following asserts failed:
	expected [57015090200004] but found [null]
	at com.abm.mainet.bnd.BirthAndDeathServices.challanVerificationTest(BirthAndDeathServices.java:121)
... Removed 25 stack frames]]>
    </failure>
  </testcase> <!-- challanVerificationTest -->
</testsuite> <!-- main-suite-test1 -->
