<?xml version="1.0" encoding="UTF-8"?>
<!-- Generated by org.testng.reporters.JUnitXMLReporter -->
<testsuite hostname="MH-080" name="main-suite-test1" tests="1" failures="1" timestamp="20 Feb 2017 12:38:45 GMT" time="156.951" errors="0">
  <testcase name="tp_ApplicationForLandDevp" time="156.928" classname="com.abm.mainet.tp.TownPlanningServices">
    <failure type="java.lang.AssertionError" message="#####parking area in feet fails Actual :2162.7599999999998  Expected  :2162.76-----">
      <![CDATA[java.lang.AssertionError: #####parking area in feet fails Actual :2162.7599999999998  Expected  :2162.76-----
	at com.abm.mainet.tp.TPCustomErrorMessages.assertAll(TPCustomErrorMessages.java:66)
	at com.abm.mainet.tp.TownPlanningServices.tp_ApplicationForLandDevp(TownPlanningServices.java:82)
... Removed 25 stack frames]]>
    </failure>
  </testcase> <!-- tp_ApplicationForLandDevp -->
</testsuite> <!-- main-suite-test1 -->
